{"total": {"lines":{"total":655,"covered":196,"skipped":0,"pct":29.92},"statements":{"total":675,"covered":196,"skipped":0,"pct":29.03},"functions":{"total":183,"covered":20,"skipped":0,"pct":10.92},"branches":{"total":72,"covered":26,"skipped":0,"pct":36.11},"branchesTrue":{"total":0,"covered":0,"skipped":0,"pct":"Unknown"}}
,"C:\\Users\\yoviar\\Documents\\SedekahBlock\\donationSmartcontract\\build\\Donation\\Donation_Donation.ts": {"lines":{"total":655,"covered":196,"skipped":0,"pct":29.92},"functions":{"total":183,"covered":20,"skipped":0,"pct":10.92},"statements":{"total":675,"covered":196,"skipped":0,"pct":29.03},"branches":{"total":72,"covered":26,"skipped":0,"pct":36.11}}
}
