TN:
SF:build\Donation\Donation_Donation.ts
FN:31,storeDataSize
FN:32,(anonymous_1)
FN:40,loadDataSize
FN:48,loadTupleDataSize
FN:55,loadGetterTupleDataSize
FN:62,storeTupleDataSize
FN:70,dictValueParserDataSize
FN:72,(anonymous_7)
FN:75,(anonymous_8)
FN:87,storeSignedBundle
FN:88,(anonymous_10)
FN:95,loadSignedBundle
FN:102,loadTupleSignedBundle
FN:108,loadGetterTupleSignedBundle
FN:114,storeTupleSignedBundle
FN:121,dictValueParserSignedBundle
FN:123,(anonymous_16)
FN:126,(anonymous_17)
FN:138,storeStateInit
FN:139,(anonymous_19)
FN:146,loadStateInit
FN:153,loadTupleStateInit
FN:159,loadGetterTupleStateInit
FN:165,storeTupleStateInit
FN:172,dictValueParserStateInit
FN:174,(anonymous_25)
FN:177,(anonymous_26)
FN:191,storeContext
FN:192,(anonymous_28)
FN:201,loadContext
FN:210,loadTupleContext
FN:218,loadGetterTupleContext
FN:226,storeTupleContext
FN:235,dictValueParserContext
FN:237,(anonymous_34)
FN:240,(anonymous_35)
FN:257,storeSendParameters
FN:258,(anonymous_37)
FN:270,loadSendParameters
FN:282,loadTupleSendParameters
FN:293,loadGetterTupleSendParameters
FN:304,storeTupleSendParameters
FN:316,dictValueParserSendParameters
FN:318,(anonymous_43)
FN:321,(anonymous_44)
FN:336,storeMessageParameters
FN:337,(anonymous_46)
FN:347,loadMessageParameters
FN:357,loadTupleMessageParameters
FN:366,loadGetterTupleMessageParameters
FN:375,storeTupleMessageParameters
FN:385,dictValueParserMessageParameters
FN:387,(anonymous_52)
FN:390,(anonymous_53)
FN:405,storeDeployParameters
FN:406,(anonymous_55)
FN:416,loadDeployParameters
FN:426,loadTupleDeployParameters
FN:435,loadGetterTupleDeployParameters
FN:444,storeTupleDeployParameters
FN:454,dictValueParserDeployParameters
FN:456,(anonymous_61)
FN:459,(anonymous_62)
FN:471,storeStdAddress
FN:472,(anonymous_64)
FN:479,loadStdAddress
FN:486,loadTupleStdAddress
FN:492,loadGetterTupleStdAddress
FN:498,storeTupleStdAddress
FN:505,dictValueParserStdAddress
FN:507,(anonymous_70)
FN:510,(anonymous_71)
FN:522,storeVarAddress
FN:523,(anonymous_73)
FN:530,loadVarAddress
FN:537,loadTupleVarAddress
FN:543,loadGetterTupleVarAddress
FN:549,storeTupleVarAddress
FN:556,dictValueParserVarAddress
FN:558,(anonymous_79)
FN:561,(anonymous_80)
FN:572,storeBasechainAddress
FN:573,(anonymous_82)
FN:579,loadBasechainAddress
FN:585,loadTupleBasechainAddress
FN:590,loadGetterTupleBasechainAddress
FN:595,storeTupleBasechainAddress
FN:601,dictValueParserBasechainAddress
FN:603,(anonymous_88)
FN:606,(anonymous_89)
FN:618,storeChangeOwner
FN:619,(anonymous_91)
FN:627,loadChangeOwner
FN:635,loadTupleChangeOwner
FN:641,loadGetterTupleChangeOwner
FN:647,storeTupleChangeOwner
FN:654,dictValueParserChangeOwner
FN:656,(anonymous_97)
FN:659,(anonymous_98)
FN:671,storeChangeOwnerOk
FN:672,(anonymous_100)
FN:680,loadChangeOwnerOk
FN:688,loadTupleChangeOwnerOk
FN:694,loadGetterTupleChangeOwnerOk
FN:700,storeTupleChangeOwnerOk
FN:707,dictValueParserChangeOwnerOk
FN:709,(anonymous_106)
FN:712,(anonymous_107)
FN:724,storeCampaign
FN:725,(anonymous_109)
FN:732,loadCampaign
FN:739,loadTupleCampaign
FN:745,loadGetterTupleCampaign
FN:751,storeTupleCampaign
FN:758,dictValueParserCampaign
FN:760,(anonymous_115)
FN:763,(anonymous_116)
FN:774,storeCreateCampaign
FN:775,(anonymous_118)
FN:782,loadCreateCampaign
FN:789,loadTupleCreateCampaign
FN:794,loadGetterTupleCreateCampaign
FN:799,storeTupleCreateCampaign
FN:805,dictValueParserCreateCampaign
FN:807,(anonymous_124)
FN:810,(anonymous_125)
FN:822,storeReceiveDonation
FN:823,(anonymous_127)
FN:831,loadReceiveDonation
FN:839,loadTupleReceiveDonation
FN:845,loadGetterTupleReceiveDonation
FN:851,storeTupleReceiveDonation
FN:858,dictValueParserReceiveDonation
FN:860,(anonymous_133)
FN:863,(anonymous_134)
FN:875,storeWithdrawCampaign
FN:876,(anonymous_136)
FN:884,loadWithdrawCampaign
FN:892,loadTupleWithdrawCampaign
FN:898,loadGetterTupleWithdrawCampaign
FN:904,storeTupleWithdrawCampaign
FN:911,dictValueParserWithdrawCampaign
FN:913,(anonymous_142)
FN:916,(anonymous_143)
FN:929,storeTransferBalance
FN:930,(anonymous_145)
FN:939,loadTransferBalance
FN:948,loadTupleTransferBalance
FN:955,loadGetterTupleTransferBalance
FN:962,storeTupleTransferBalance
FN:970,dictValueParserTransferBalance
FN:972,(anonymous_151)
FN:975,(anonymous_152)
FN:986,storeDeleteCampaign
FN:987,(anonymous_154)
FN:994,loadDeleteCampaign
FN:1001,loadTupleDeleteCampaign
FN:1006,loadGetterTupleDeleteCampaign
FN:1011,storeTupleDeleteCampaign
FN:1017,dictValueParserDeleteCampaign
FN:1019,(anonymous_160)
FN:1022,(anonymous_161)
FN:1035,storeDonation$Data
FN:1036,(anonymous_163)
FN:1044,loadDonation$Data
FN:1052,loadTupleDonation$Data
FN:1059,loadGetterTupleDonation$Data
FN:1066,storeTupleDonation$Data
FN:1074,dictValueParserDonation$Data
FN:1076,(anonymous_169)
FN:1079,(anonymous_170)
FN:1092,initDonation_init_args
FN:1093,(anonymous_172)
FN:1101,Donation_init
FN:1249,(anonymous_174)
FN:1253,(anonymous_175)
FN:1259,(anonymous_176)
FN:1272,(anonymous_177)
FN:1277,(anonymous_178)
FN:1304,(anonymous_179)
FN:1312,(anonymous_180)
FN:1320,(anonymous_181)
FN:1327,(anonymous_182)
FNF:183
FNH:20
FNDA:0,storeDataSize
FNDA:0,(anonymous_1)
FNDA:0,loadDataSize
FNDA:0,loadTupleDataSize
FNDA:0,loadGetterTupleDataSize
FNDA:0,storeTupleDataSize
FNDA:0,dictValueParserDataSize
FNDA:0,(anonymous_7)
FNDA:0,(anonymous_8)
FNDA:0,storeSignedBundle
FNDA:0,(anonymous_10)
FNDA:0,loadSignedBundle
FNDA:0,loadTupleSignedBundle
FNDA:0,loadGetterTupleSignedBundle
FNDA:0,storeTupleSignedBundle
FNDA:0,dictValueParserSignedBundle
FNDA:0,(anonymous_16)
FNDA:0,(anonymous_17)
FNDA:0,storeStateInit
FNDA:0,(anonymous_19)
FNDA:0,loadStateInit
FNDA:0,loadTupleStateInit
FNDA:0,loadGetterTupleStateInit
FNDA:0,storeTupleStateInit
FNDA:0,dictValueParserStateInit
FNDA:0,(anonymous_25)
FNDA:0,(anonymous_26)
FNDA:0,storeContext
FNDA:0,(anonymous_28)
FNDA:0,loadContext
FNDA:0,loadTupleContext
FNDA:0,loadGetterTupleContext
FNDA:0,storeTupleContext
FNDA:0,dictValueParserContext
FNDA:0,(anonymous_34)
FNDA:0,(anonymous_35)
FNDA:0,storeSendParameters
FNDA:0,(anonymous_37)
FNDA:0,loadSendParameters
FNDA:0,loadTupleSendParameters
FNDA:0,loadGetterTupleSendParameters
FNDA:0,storeTupleSendParameters
FNDA:0,dictValueParserSendParameters
FNDA:0,(anonymous_43)
FNDA:0,(anonymous_44)
FNDA:0,storeMessageParameters
FNDA:0,(anonymous_46)
FNDA:0,loadMessageParameters
FNDA:0,loadTupleMessageParameters
FNDA:0,loadGetterTupleMessageParameters
FNDA:0,storeTupleMessageParameters
FNDA:0,dictValueParserMessageParameters
FNDA:0,(anonymous_52)
FNDA:0,(anonymous_53)
FNDA:0,storeDeployParameters
FNDA:0,(anonymous_55)
FNDA:0,loadDeployParameters
FNDA:0,loadTupleDeployParameters
FNDA:0,loadGetterTupleDeployParameters
FNDA:0,storeTupleDeployParameters
FNDA:0,dictValueParserDeployParameters
FNDA:0,(anonymous_61)
FNDA:0,(anonymous_62)
FNDA:0,storeStdAddress
FNDA:0,(anonymous_64)
FNDA:0,loadStdAddress
FNDA:0,loadTupleStdAddress
FNDA:0,loadGetterTupleStdAddress
FNDA:0,storeTupleStdAddress
FNDA:0,dictValueParserStdAddress
FNDA:0,(anonymous_70)
FNDA:0,(anonymous_71)
FNDA:0,storeVarAddress
FNDA:0,(anonymous_73)
FNDA:0,loadVarAddress
FNDA:0,loadTupleVarAddress
FNDA:0,loadGetterTupleVarAddress
FNDA:0,storeTupleVarAddress
FNDA:0,dictValueParserVarAddress
FNDA:0,(anonymous_79)
FNDA:0,(anonymous_80)
FNDA:0,storeBasechainAddress
FNDA:0,(anonymous_82)
FNDA:0,loadBasechainAddress
FNDA:0,loadTupleBasechainAddress
FNDA:0,loadGetterTupleBasechainAddress
FNDA:0,storeTupleBasechainAddress
FNDA:0,dictValueParserBasechainAddress
FNDA:0,(anonymous_88)
FNDA:0,(anonymous_89)
FNDA:0,storeChangeOwner
FNDA:0,(anonymous_91)
FNDA:0,loadChangeOwner
FNDA:0,loadTupleChangeOwner
FNDA:0,loadGetterTupleChangeOwner
FNDA:0,storeTupleChangeOwner
FNDA:0,dictValueParserChangeOwner
FNDA:0,(anonymous_97)
FNDA:0,(anonymous_98)
FNDA:0,storeChangeOwnerOk
FNDA:0,(anonymous_100)
FNDA:0,loadChangeOwnerOk
FNDA:0,loadTupleChangeOwnerOk
FNDA:0,loadGetterTupleChangeOwnerOk
FNDA:0,storeTupleChangeOwnerOk
FNDA:0,dictValueParserChangeOwnerOk
FNDA:0,(anonymous_106)
FNDA:0,(anonymous_107)
FNDA:0,storeCampaign
FNDA:0,(anonymous_109)
FNDA:0,loadCampaign
FNDA:0,loadTupleCampaign
FNDA:0,loadGetterTupleCampaign
FNDA:0,storeTupleCampaign
FNDA:19,dictValueParserCampaign
FNDA:0,(anonymous_115)
FNDA:0,(anonymous_116)
FNDA:19,storeCreateCampaign
FNDA:19,(anonymous_118)
FNDA:0,loadCreateCampaign
FNDA:0,loadTupleCreateCampaign
FNDA:0,loadGetterTupleCreateCampaign
FNDA:0,storeTupleCreateCampaign
FNDA:0,dictValueParserCreateCampaign
FNDA:0,(anonymous_124)
FNDA:0,(anonymous_125)
FNDA:10,storeReceiveDonation
FNDA:10,(anonymous_127)
FNDA:0,loadReceiveDonation
FNDA:0,loadTupleReceiveDonation
FNDA:0,loadGetterTupleReceiveDonation
FNDA:0,storeTupleReceiveDonation
FNDA:0,dictValueParserReceiveDonation
FNDA:0,(anonymous_133)
FNDA:0,(anonymous_134)
FNDA:3,storeWithdrawCampaign
FNDA:3,(anonymous_136)
FNDA:0,loadWithdrawCampaign
FNDA:0,loadTupleWithdrawCampaign
FNDA:0,loadGetterTupleWithdrawCampaign
FNDA:0,storeTupleWithdrawCampaign
FNDA:0,dictValueParserWithdrawCampaign
FNDA:0,(anonymous_142)
FNDA:0,(anonymous_143)
FNDA:4,storeTransferBalance
FNDA:4,(anonymous_145)
FNDA:0,loadTransferBalance
FNDA:0,loadTupleTransferBalance
FNDA:0,loadGetterTupleTransferBalance
FNDA:0,storeTupleTransferBalance
FNDA:0,dictValueParserTransferBalance
FNDA:0,(anonymous_151)
FNDA:0,(anonymous_152)
FNDA:2,storeDeleteCampaign
FNDA:2,(anonymous_154)
FNDA:0,loadDeleteCampaign
FNDA:0,loadTupleDeleteCampaign
FNDA:0,loadGetterTupleDeleteCampaign
FNDA:0,storeTupleDeleteCampaign
FNDA:0,dictValueParserDeleteCampaign
FNDA:0,(anonymous_160)
FNDA:0,(anonymous_161)
FNDA:0,storeDonation$Data
FNDA:0,(anonymous_163)
FNDA:0,loadDonation$Data
FNDA:0,loadTupleDonation$Data
FNDA:0,loadGetterTupleDonation$Data
FNDA:0,storeTupleDonation$Data
FNDA:0,dictValueParserDonation$Data
FNDA:0,(anonymous_169)
FNDA:0,(anonymous_170)
FNDA:19,initDonation_init_args
FNDA:19,(anonymous_172)
FNDA:19,Donation_init
FNDA:0,(anonymous_174)
FNDA:19,(anonymous_175)
FNDA:0,(anonymous_176)
FNDA:19,(anonymous_177)
FNDA:57,(anonymous_178)
FNDA:2,(anonymous_179)
FNDA:5,(anonymous_180)
FNDA:3,(anonymous_181)
FNDA:0,(anonymous_182)
DA:1,5
DA:31,5
DA:32,0
DA:33,0
DA:34,0
DA:35,0
DA:36,0
DA:40,5
DA:41,0
DA:42,0
DA:43,0
DA:44,0
DA:45,0
DA:48,5
DA:49,0
DA:50,0
DA:51,0
DA:52,0
DA:55,5
DA:56,0
DA:57,0
DA:58,0
DA:59,0
DA:62,5
DA:63,0
DA:64,0
DA:65,0
DA:66,0
DA:67,0
DA:70,5
DA:71,0
DA:73,0
DA:76,0
DA:87,5
DA:88,0
DA:89,0
DA:90,0
DA:91,0
DA:95,5
DA:96,0
DA:97,0
DA:98,0
DA:99,0
DA:102,5
DA:103,0
DA:104,0
DA:105,0
DA:108,5
DA:109,0
DA:110,0
DA:111,0
DA:114,5
DA:115,0
DA:116,0
DA:117,0
DA:118,0
DA:121,5
DA:122,0
DA:124,0
DA:127,0
DA:138,5
DA:139,0
DA:140,0
DA:141,0
DA:142,0
DA:146,5
DA:147,0
DA:148,0
DA:149,0
DA:150,0
DA:153,5
DA:154,0
DA:155,0
DA:156,0
DA:159,5
DA:160,0
DA:161,0
DA:162,0
DA:165,5
DA:166,0
DA:167,0
DA:168,0
DA:169,0
DA:172,5
DA:173,0
DA:175,0
DA:178,0
DA:191,5
DA:192,0
DA:193,0
DA:194,0
DA:195,0
DA:196,0
DA:197,0
DA:201,5
DA:202,0
DA:203,0
DA:204,0
DA:205,0
DA:206,0
DA:207,0
DA:210,5
DA:211,0
DA:212,0
DA:213,0
DA:214,0
DA:215,0
DA:218,5
DA:219,0
DA:220,0
DA:221,0
DA:222,0
DA:223,0
DA:226,5
DA:227,0
DA:228,0
DA:229,0
DA:230,0
DA:231,0
DA:232,0
DA:235,5
DA:236,0
DA:238,0
DA:241,0
DA:257,5
DA:258,0
DA:259,0
DA:260,0
DA:261,0
DA:262,0
DA:263,0
DA:264,0
DA:265,0
DA:266,0
DA:270,5
DA:271,0
DA:272,0
DA:273,0
DA:274,0
DA:275,0
DA:276,0
DA:277,0
DA:278,0
DA:279,0
DA:282,5
DA:283,0
DA:284,0
DA:285,0
DA:286,0
DA:287,0
DA:288,0
DA:289,0
DA:290,0
DA:293,5
DA:294,0
DA:295,0
DA:296,0
DA:297,0
DA:298,0
DA:299,0
DA:300,0
DA:301,0
DA:304,5
DA:305,0
DA:306,0
DA:307,0
DA:308,0
DA:309,0
DA:310,0
DA:311,0
DA:312,0
DA:313,0
DA:316,5
DA:317,0
DA:319,0
DA:322,0
DA:336,5
DA:337,0
DA:338,0
DA:339,0
DA:340,0
DA:341,0
DA:342,0
DA:343,0
DA:347,5
DA:348,0
DA:349,0
DA:350,0
DA:351,0
DA:352,0
DA:353,0
DA:354,0
DA:357,5
DA:358,0
DA:359,0
DA:360,0
DA:361,0
DA:362,0
DA:363,0
DA:366,5
DA:367,0
DA:368,0
DA:369,0
DA:370,0
DA:371,0
DA:372,0
DA:375,5
DA:376,0
DA:377,0
DA:378,0
DA:379,0
DA:380,0
DA:381,0
DA:382,0
DA:385,5
DA:386,0
DA:388,0
DA:391,0
DA:405,5
DA:406,0
DA:407,0
DA:408,0
DA:409,0
DA:410,0
DA:411,0
DA:412,0
DA:416,5
DA:417,0
DA:418,0
DA:419,0
DA:420,0
DA:421,0
DA:422,0
DA:423,0
DA:426,5
DA:427,0
DA:428,0
DA:429,0
DA:430,0
DA:431,0
DA:432,0
DA:435,5
DA:436,0
DA:437,0
DA:438,0
DA:439,0
DA:440,0
DA:441,0
DA:444,5
DA:445,0
DA:446,0
DA:447,0
DA:448,0
DA:449,0
DA:450,0
DA:451,0
DA:454,5
DA:455,0
DA:457,0
DA:460,0
DA:471,5
DA:472,0
DA:473,0
DA:474,0
DA:475,0
DA:479,5
DA:480,0
DA:481,0
DA:482,0
DA:483,0
DA:486,5
DA:487,0
DA:488,0
DA:489,0
DA:492,5
DA:493,0
DA:494,0
DA:495,0
DA:498,5
DA:499,0
DA:500,0
DA:501,0
DA:502,0
DA:505,5
DA:506,0
DA:508,0
DA:511,0
DA:522,5
DA:523,0
DA:524,0
DA:525,0
DA:526,0
DA:530,5
DA:531,0
DA:532,0
DA:533,0
DA:534,0
DA:537,5
DA:538,0
DA:539,0
DA:540,0
DA:543,5
DA:544,0
DA:545,0
DA:546,0
DA:549,5
DA:550,0
DA:551,0
DA:552,0
DA:553,0
DA:556,5
DA:557,0
DA:559,0
DA:562,0
DA:572,5
DA:573,0
DA:574,0
DA:575,0
DA:579,5
DA:580,0
DA:581,0
DA:582,0
DA:585,5
DA:586,0
DA:587,0
DA:590,5
DA:591,0
DA:592,0
DA:595,5
DA:596,0
DA:597,0
DA:598,0
DA:601,5
DA:602,0
DA:604,0
DA:607,0
DA:618,5
DA:619,0
DA:620,0
DA:621,0
DA:622,0
DA:623,0
DA:627,5
DA:628,0
DA:629,0
DA:630,0
DA:631,0
DA:632,0
DA:635,5
DA:636,0
DA:637,0
DA:638,0
DA:641,5
DA:642,0
DA:643,0
DA:644,0
DA:647,5
DA:648,0
DA:649,0
DA:650,0
DA:651,0
DA:654,5
DA:655,0
DA:657,0
DA:660,0
DA:671,5
DA:672,0
DA:673,0
DA:674,0
DA:675,0
DA:676,0
DA:680,5
DA:681,0
DA:682,0
DA:683,0
DA:684,0
DA:685,0
DA:688,5
DA:689,0
DA:690,0
DA:691,0
DA:694,5
DA:695,0
DA:696,0
DA:697,0
DA:700,5
DA:701,0
DA:702,0
DA:703,0
DA:704,0
DA:707,5
DA:708,0
DA:710,0
DA:713,0
DA:724,5
DA:725,0
DA:726,0
DA:727,0
DA:728,0
DA:732,5
DA:733,0
DA:734,0
DA:735,0
DA:736,0
DA:739,5
DA:740,0
DA:741,0
DA:742,0
DA:745,5
DA:746,0
DA:747,0
DA:748,0
DA:751,5
DA:752,0
DA:753,0
DA:754,0
DA:755,0
DA:758,5
DA:759,19
DA:761,0
DA:764,0
DA:774,5
DA:775,19
DA:776,19
DA:777,19
DA:778,19
DA:782,5
DA:783,0
DA:784,0
DA:785,0
DA:786,0
DA:789,5
DA:790,0
DA:791,0
DA:794,5
DA:795,0
DA:796,0
DA:799,5
DA:800,0
DA:801,0
DA:802,0
DA:805,5
DA:806,0
DA:808,0
DA:811,0
DA:822,5
DA:823,10
DA:824,10
DA:825,10
DA:826,10
DA:827,10
DA:831,5
DA:832,0
DA:833,0
DA:834,0
DA:835,0
DA:836,0
DA:839,5
DA:840,0
DA:841,0
DA:842,0
DA:845,5
DA:846,0
DA:847,0
DA:848,0
DA:851,5
DA:852,0
DA:853,0
DA:854,0
DA:855,0
DA:858,5
DA:859,0
DA:861,0
DA:864,0
DA:875,5
DA:876,3
DA:877,3
DA:878,3
DA:879,3
DA:880,3
DA:884,5
DA:885,0
DA:886,0
DA:887,0
DA:888,0
DA:889,0
DA:892,5
DA:893,0
DA:894,0
DA:895,0
DA:898,5
DA:899,0
DA:900,0
DA:901,0
DA:904,5
DA:905,0
DA:906,0
DA:907,0
DA:908,0
DA:911,5
DA:912,0
DA:914,0
DA:917,0
DA:929,5
DA:930,4
DA:931,4
DA:932,4
DA:933,4
DA:934,4
DA:935,4
DA:939,5
DA:940,0
DA:941,0
DA:942,0
DA:943,0
DA:944,0
DA:945,0
DA:948,5
DA:949,0
DA:950,0
DA:951,0
DA:952,0
DA:955,5
DA:956,0
DA:957,0
DA:958,0
DA:959,0
DA:962,5
DA:963,0
DA:964,0
DA:965,0
DA:966,0
DA:967,0
DA:970,5
DA:971,0
DA:973,0
DA:976,0
DA:986,5
DA:987,2
DA:988,2
DA:989,2
DA:990,2
DA:994,5
DA:995,0
DA:996,0
DA:997,0
DA:998,0
DA:1001,5
DA:1002,0
DA:1003,0
DA:1006,5
DA:1007,0
DA:1008,0
DA:1011,5
DA:1012,0
DA:1013,0
DA:1014,0
DA:1017,5
DA:1018,0
DA:1020,0
DA:1023,0
DA:1035,5
DA:1036,0
DA:1037,0
DA:1038,0
DA:1039,0
DA:1040,0
DA:1044,5
DA:1045,0
DA:1046,0
DA:1047,0
DA:1048,0
DA:1049,0
DA:1052,5
DA:1053,0
DA:1054,0
DA:1055,0
DA:1056,0
DA:1059,5
DA:1060,0
DA:1061,0
DA:1062,0
DA:1063,0
DA:1066,5
DA:1067,0
DA:1068,0
DA:1069,0
DA:1070,0
DA:1071,0
DA:1074,5
DA:1075,0
DA:1077,0
DA:1080,0
DA:1093,19
DA:1094,19
DA:1095,19
DA:1096,19
DA:1097,19
DA:1102,19
DA:1103,19
DA:1104,19
DA:1105,19
DA:1106,19
DA:1109,5
DA:1148,5
DA:1187,5
DA:1209,5
DA:1219,5
DA:1226,5
DA:1233,5
DA:1243,5
DA:1245,5
DA:1246,5
DA:1247,5
DA:1250,0
DA:1254,19
DA:1255,19
DA:1256,19
DA:1260,0
DA:1265,19
DA:1273,19
DA:1274,19
DA:1279,57
DA:1280,57
DA:1281,19
DA:1283,57
DA:1284,19
DA:1286,57
DA:1287,10
DA:1289,57
DA:1290,3
DA:1292,57
DA:1293,4
DA:1295,57
DA:1296,2
DA:1298,57
DA:1300,57
DA:1305,2
DA:1306,2
DA:1307,2
DA:1308,2
DA:1309,2
DA:1313,5
DA:1314,5
DA:1315,5
DA:1316,5
DA:1317,5
DA:1321,3
DA:1322,3
DA:1323,3
DA:1324,3
DA:1328,0
DA:1329,0
DA:1330,0
DA:1331,0
LF:655
LH:196
BRDA:261,0,0,0
BRDA:261,0,1,0
BRDA:261,1,0,0
BRDA:261,1,1,0
BRDA:262,2,0,0
BRDA:262,2,1,0
BRDA:262,3,0,0
BRDA:262,3,1,0
BRDA:263,4,0,0
BRDA:263,4,1,0
BRDA:263,5,0,0
BRDA:263,5,1,0
BRDA:273,6,0,0
BRDA:273,6,1,0
BRDA:274,7,0,0
BRDA:274,7,1,0
BRDA:275,8,0,0
BRDA:275,8,1,0
BRDA:340,9,0,0
BRDA:340,9,1,0
BRDA:340,10,0,0
BRDA:340,10,1,0
BRDA:350,11,0,0
BRDA:350,11,1,0
BRDA:409,12,0,0
BRDA:409,12,1,0
BRDA:409,13,0,0
BRDA:409,13,1,0
BRDA:419,14,0,0
BRDA:419,14,1,0
BRDA:575,15,0,0
BRDA:575,15,1,0
BRDA:575,16,0,0
BRDA:575,16,1,0
BRDA:581,17,0,0
BRDA:581,17,1,0
BRDA:629,18,0,0
BRDA:682,19,0,0
BRDA:784,20,0,0
BRDA:833,21,0,0
BRDA:886,22,0,0
BRDA:941,23,0,0
BRDA:996,24,0,0
BRDA:1069,25,0,0
BRDA:1069,25,1,0
BRDA:1280,26,0,19
BRDA:1283,27,0,19
BRDA:1283,28,0,57
BRDA:1283,28,1,38
BRDA:1283,28,2,38
BRDA:1283,28,3,38
BRDA:1286,29,0,10
BRDA:1286,30,0,57
BRDA:1286,30,1,38
BRDA:1286,30,2,38
BRDA:1286,30,3,38
BRDA:1289,31,0,3
BRDA:1289,32,0,57
BRDA:1289,32,1,38
BRDA:1289,32,2,38
BRDA:1289,32,3,38
BRDA:1292,33,0,4
BRDA:1292,34,0,57
BRDA:1292,34,1,38
BRDA:1292,34,2,38
BRDA:1292,34,3,38
BRDA:1295,35,0,2
BRDA:1295,36,0,57
BRDA:1295,36,1,38
BRDA:1295,36,2,38
BRDA:1295,36,3,38
BRDA:1298,37,0,0
BRF:72
BRH:26
end_of_record
